  [4;36;1mSQL (0.2ms)[0m   [0;1m SELECT name
 FROM sqlite_master
 WHERE type = 'table' AND NOT name = 'sqlite_sequence'
[0m
  [4;35;1mSQL (11.6ms)[0m   [0mselect sqlite_version(*)[0m
  [4;36;1mSQL (72.8ms)[0m   [0;1mCREATE TABLE "schema_migrations" ("version" varchar(255) NOT NULL) [0m
  [4;35;1mSQL (2.4ms)[0m   [0mCREATE UNIQUE INDEX "unique_schema_migrations" ON "schema_migrations" ("version")[0m
  [4;36;1mSQL (0.3ms)[0m   [0;1m SELECT name
 FROM sqlite_master
 WHERE type = 'table' AND NOT name = 'sqlite_sequence'
[0m
  [4;35;1mSQL (0.1ms)[0m   [0mSELECT version FROM schema_migrations[0m
Migrating to CreateIssues (20100115034528)
  [4;36;1mSQL (0.8ms)[0m   [0;1mCREATE TABLE "issues" ("id" INTEGER PRIMARY KEY AUTOINCREMENT NOT NULL, "title" varchar(255), "content" text, "created_at" datetime, "updated_at" datetime) [0m
  [4;35;1mSQL (0.2ms)[0m   [0mINSERT INTO schema_migrations (version) VALUES ('20100115034528')[0m
Migrating to CreatePanels (20100115034955)
  [4;36;1mSQL (0.5ms)[0m   [0;1mCREATE TABLE "panels" ("id" INTEGER PRIMARY KEY AUTOINCREMENT NOT NULL, "caption" varchar(255), "issue_id" integer, "created_at" datetime, "updated_at" datetime) [0m
  [4;35;1mSQL (0.2ms)[0m   [0mINSERT INTO schema_migrations (version) VALUES ('20100115034955')[0m
  [4;36;1mSQL (0.3ms)[0m   [0;1m SELECT name
 FROM sqlite_master
 WHERE type = 'table' AND NOT name = 'sqlite_sequence'
[0m
  [4;35;1mSQL (0.1ms)[0m   [0mSELECT version FROM schema_migrations[0m
  [4;36;1mSQL (0.3ms)[0m   [0;1m SELECT name
 FROM sqlite_master
 WHERE type = 'table' AND NOT name = 'sqlite_sequence'
[0m
  [4;35;1mSQL (0.1ms)[0m   [0mPRAGMA index_list("issues")[0m
  [4;36;1mSQL (0.0ms)[0m   [0;1mPRAGMA index_list("panels")[0m
  [4;36;1mSQL (0.5ms)[0m   [0;1m SELECT name
 FROM sqlite_master
 WHERE type = 'table' AND NOT name = 'sqlite_sequence'
[0m
  [4;35;1mSQL (0.2ms)[0m   [0mSELECT version FROM schema_migrations[0m
Migrating to CreateIssues (20100115034528)
Migrating to CreatePanels (20100115034955)
Migrating to AddAttachmentsImageToPanel (20100115035204)
  [4;36;1mSQL (0.1ms)[0m   [0;1mselect sqlite_version(*)[0m
  [4;35;1mSQL (0.5ms)[0m   [0mALTER TABLE "panels" ADD "image_file_name" varchar(255)[0m
  [4;36;1mSQL (0.2ms)[0m   [0;1mALTER TABLE "panels" ADD "image_content_type" varchar(255)[0m
  [4;35;1mSQL (0.2ms)[0m   [0mALTER TABLE "panels" ADD "image_file_size" integer[0m
  [4;36;1mSQL (0.2ms)[0m   [0;1mALTER TABLE "panels" ADD "image_updated_at" datetime[0m
  [4;35;1mSQL (0.1ms)[0m   [0mINSERT INTO schema_migrations (version) VALUES ('20100115035204')[0m
  [4;36;1mSQL (0.3ms)[0m   [0;1m SELECT name
 FROM sqlite_master
 WHERE type = 'table' AND NOT name = 'sqlite_sequence'
[0m
  [4;35;1mSQL (0.2ms)[0m   [0mSELECT version FROM schema_migrations[0m
  [4;36;1mSQL (0.2ms)[0m   [0;1m SELECT name
 FROM sqlite_master
 WHERE type = 'table' AND NOT name = 'sqlite_sequence'
[0m
  [4;35;1mSQL (0.0ms)[0m   [0mPRAGMA index_list("issues")[0m
  [4;36;1mSQL (0.0ms)[0m   [0;1mPRAGMA index_list("panels")[0m


Processing ApplicationController#index (for 127.0.0.1 at 2010-01-14 20:55:41) [GET]

ActionController::RoutingError (No route matches "/" with {:method=>:get}):
  

Rendering rescues/layout (not_found)


Processing WelcomeController#index (for 127.0.0.1 at 2010-01-14 20:56:52) [GET]

ActionView::MissingTemplate (Missing template welcome/index.erb in view path app/views):
  

Rendering rescues/layout (internal_server_error)


Processing WelcomeController#index (for 127.0.0.1 at 2010-01-14 20:57:33) [GET]
  [4;36;1mSQL (0.6ms)[0m   [0;1m SELECT name
 FROM sqlite_master
 WHERE type = 'table' AND NOT name = 'sqlite_sequence'
[0m

NoMethodError (undefined method `latest' for #<Class:0x2631724>):
  app/controllers/welcome_controller.rb:4:in `index'

Rendered rescues/_trace (33.1ms)
Rendered rescues/_request_and_response (1.4ms)
Rendering rescues/layout (internal_server_error)


Processing WelcomeController#index (for 127.0.0.1 at 2010-01-14 20:57:43) [GET]
  [4;35;1mSQL (0.6ms)[0m   [0m SELECT name
 FROM sqlite_master
 WHERE type = 'table' AND NOT name = 'sqlite_sequence'
[0m

NoMethodError (undefined method `latest' for #<Class:0x2524aac>):
  app/controllers/welcome_controller.rb:4:in `index'

Rendered rescues/_trace (31.6ms)
Rendered rescues/_request_and_response (0.3ms)
Rendering rescues/layout (internal_server_error)
  [4;36;1mSQL (0.6ms)[0m   [0;1m SELECT name
 FROM sqlite_master
 WHERE type = 'table' AND NOT name = 'sqlite_sequence'
[0m
  [4;35;1mSQL (0.2ms)[0m   [0mSELECT version FROM schema_migrations[0m
Migrating to CreateIssues (20100115034528)
Migrating to CreatePanels (20100115034955)
Migrating to AddAttachmentsImageToPanel (20100115035204)
Migrating to AddStatusToIssues (20100115035909)
  [4;36;1mSQL (0.1ms)[0m   [0;1mselect sqlite_version(*)[0m
  [4;35;1mSQL (0.8ms)[0m   [0mALTER TABLE "issues" ADD "status" varchar(255)[0m
  [4;36;1mSQL (0.1ms)[0m   [0;1mINSERT INTO schema_migrations (version) VALUES ('20100115035909')[0m
  [4;35;1mSQL (0.3ms)[0m   [0m SELECT name
 FROM sqlite_master
 WHERE type = 'table' AND NOT name = 'sqlite_sequence'
[0m
  [4;36;1mSQL (0.2ms)[0m   [0;1mSELECT version FROM schema_migrations[0m
  [4;35;1mSQL (0.2ms)[0m   [0m SELECT name
 FROM sqlite_master
 WHERE type = 'table' AND NOT name = 'sqlite_sequence'
[0m
  [4;36;1mSQL (0.0ms)[0m   [0;1mPRAGMA index_list("issues")[0m
  [4;35;1mSQL (0.0ms)[0m   [0mPRAGMA index_list("panels")[0m


Processing WelcomeController#index (for 127.0.0.1 at 2010-01-14 21:02:35) [GET]
  [4;36;1mSQL (0.6ms)[0m   [0;1m SELECT name
 FROM sqlite_master
 WHERE type = 'table' AND NOT name = 'sqlite_sequence'
[0m

NoMethodError (undefined method `latest' for #<Class:0x240e6e0>):
  app/controllers/welcome_controller.rb:4:in `index'

Rendered rescues/_trace (34.3ms)
Rendered rescues/_request_and_response (0.3ms)
Rendering rescues/layout (internal_server_error)


Processing WelcomeController#index (for 127.0.0.1 at 2010-01-14 21:04:23) [GET]
  [4;35;1mSQL (0.5ms)[0m   [0m SELECT name
 FROM sqlite_master
 WHERE type = 'table' AND NOT name = 'sqlite_sequence'
[0m

NoMethodError (undefined method `latest' for #<Class:0x264e004>):
  app/controllers/welcome_controller.rb:4:in `index'

Rendered rescues/_trace (33.1ms)
Rendered rescues/_request_and_response (0.3ms)
Rendering rescues/layout (internal_server_error)


Processing WelcomeController#index (for 127.0.0.1 at 2010-01-14 21:04:30) [GET]
  [4;36;1mSQL (0.4ms)[0m   [0;1m SELECT name
 FROM sqlite_master
 WHERE type = 'table' AND NOT name = 'sqlite_sequence'
[0m

NoMethodError (undefined method `latest' for #<Class:0x253e664>):
  app/controllers/welcome_controller.rb:4:in `index'

Rendered rescues/_trace (30.2ms)
Rendered rescues/_request_and_response (0.3ms)
Rendering rescues/layout (internal_server_error)


Processing WelcomeController#index (for 127.0.0.1 at 2010-01-14 21:04:34) [GET]
  [4;35;1mSQL (0.5ms)[0m   [0m SELECT name
 FROM sqlite_master
 WHERE type = 'table' AND NOT name = 'sqlite_sequence'
[0m

NoMethodError (undefined method `latest' for #<Class:0x242a14c>):
  app/controllers/welcome_controller.rb:4:in `index'

Rendered rescues/_trace (31.8ms)
Rendered rescues/_request_and_response (0.3ms)
Rendering rescues/layout (internal_server_error)


Processing WelcomeController#index (for 127.0.0.1 at 2010-01-14 21:04:45) [GET]
  [4;36;1mSQL (0.5ms)[0m   [0;1m SELECT name
 FROM sqlite_master
 WHERE type = 'table' AND NOT name = 'sqlite_sequence'
[0m

NoMethodError (undefined method `latest' for #<Class:0x2678cdc>):
  app/controllers/welcome_controller.rb:4:in `index'

Rendered rescues/_trace (31.6ms)
Rendered rescues/_request_and_response (0.3ms)
Rendering rescues/layout (internal_server_error)


Processing WelcomeController#index (for 127.0.0.1 at 2010-01-14 21:05:44) [GET]
  [4;36;1mSQL (0.6ms)[0m   [0;1m SELECT name
 FROM sqlite_master
 WHERE type = 'table' AND NOT name = 'sqlite_sequence'
[0m

NoMethodError (undefined method `latest' for #<Class:0x23b2c00>):
  app/controllers/welcome_controller.rb:4:in `index'

Rendered rescues/_trace (35.6ms)
Rendered rescues/_request_and_response (1.6ms)
Rendering rescues/layout (internal_server_error)


Processing WelcomeController#index (for 127.0.0.1 at 2010-01-14 21:13:19) [GET]
  [4;36;1mSQL (0.6ms)[0m   [0;1m SELECT name
 FROM sqlite_master
 WHERE type = 'table' AND NOT name = 'sqlite_sequence'
[0m

NoMethodError (undefined method `latest' for #<Class:0x23b2c00>):
  app/controllers/welcome_controller.rb:4:in `index'

Rendered rescues/_trace (35.7ms)
Rendered rescues/_request_and_response (1.5ms)
Rendering rescues/layout (internal_server_error)


Processing WelcomeController#index (for 127.0.0.1 at 2010-01-14 21:14:15) [GET]
  [4;35;1mSQL (0.4ms)[0m   [0m SELECT name
 FROM sqlite_master
 WHERE type = 'table' AND NOT name = 'sqlite_sequence'
[0m

NoMethodError (undefined method `latest' for #<Class:0x261e7a0>):
  app/controllers/welcome_controller.rb:4:in `index'

Rendered rescues/_trace (30.6ms)
Rendered rescues/_request_and_response (0.3ms)
Rendering rescues/layout (internal_server_error)


Processing WelcomeController#index (for 127.0.0.1 at 2010-01-14 21:15:26) [GET]
  [4;36;1mSQL (0.5ms)[0m   [0;1m SELECT name
 FROM sqlite_master
 WHERE type = 'table' AND NOT name = 'sqlite_sequence'
[0m

NoMethodError (undefined method `latest' for #<Class:0x24e48f8>):
  app/controllers/welcome_controller.rb:5:in `index'

Rendered rescues/_trace (31.8ms)
Rendered rescues/_request_and_response (0.4ms)
Rendering rescues/layout (internal_server_error)


Processing WelcomeController#index (for 127.0.0.1 at 2010-01-14 21:15:44) [GET]
  [4;35;1mSQL (0.5ms)[0m   [0m SELECT name
 FROM sqlite_master
 WHERE type = 'table' AND NOT name = 'sqlite_sequence'
[0m

NoMethodError (undefined method `latest' for #<Class:0x23caaf8>):
  app/controllers/welcome_controller.rb:5:in `index'

Rendered rescues/_trace (34.2ms)
Rendered rescues/_request_and_response (0.3ms)
Rendering rescues/layout (internal_server_error)
  [4;36;1mSQL (0.5ms)[0m   [0;1m SELECT name
 FROM sqlite_master
 WHERE type = 'table' AND NOT name = 'sqlite_sequence'
[0m
  [4;35;1mSQL (0.4ms)[0m   [0m SELECT name
 FROM sqlite_master
 WHERE type = 'table' AND NOT name = 'sqlite_sequence'
[0m
  [4;36;1mSQL (0.4ms)[0m   [0;1m SELECT name
 FROM sqlite_master
 WHERE type = 'table' AND NOT name = 'sqlite_sequence'
[0m
  [4;35;1mIssue Load (0.3ms)[0m   [0mSELECT * FROM "issues" LIMIT 1[0m
  [4;36;1mIssue Load (0.2ms)[0m   [0;1mSELECT * FROM "issues" [0m
WARNING: Can't mass-assign these protected attributes: status
  [4;35;1mIssue Create (0.6ms)[0m   [0mINSERT INTO "issues" ("status", "updated_at", "title", "content", "created_at") VALUES(NULL, '2010-01-15 04:18:36', 'Hello, world', 'Hola!', '2010-01-15 04:18:36')[0m
  [4;36;1mIssue Load (0.4ms)[0m   [0;1mSELECT * FROM "issues" [0m
  [4;35;1mSQL (0.4ms)[0m   [0m SELECT name
 FROM sqlite_master
 WHERE type = 'table' AND NOT name = 'sqlite_sequence'
[0m
  [4;36;1mSQL (0.4ms)[0m   [0;1m SELECT name
 FROM sqlite_master
 WHERE type = 'table' AND NOT name = 'sqlite_sequence'
[0m
  [4;36;1mIssue Load (1.3ms)[0m   [0;1mSELECT * FROM "issues" WHERE ("issues"."status" = 'active') ORDER BY created_at LIMIT 1[0m
  [4;35;1mIssue Load (0.3ms)[0m   [0mSELECT * FROM "issues" WHERE ("issues"."status" = 'active') [0m
  [4;36;1mIssue Load (0.5ms)[0m   [0;1mSELECT * FROM "issues" [0m
  [4;35;1mIssue Load (0.4ms)[0m   [0mSELECT * FROM "issues" LIMIT 1[0m
  [4;36;1mIssue Update (0.8ms)[0m   [0;1mUPDATE "issues" SET "status" = 'active', "updated_at" = '2010-01-15 04:21:38' WHERE "id" = 1[0m
  [4;35;1mIssue Load (0.4ms)[0m   [0mSELECT * FROM "issues" WHERE ("issues"."status" = 'active') [0m
  [4;36;1mIssue Load (1.0ms)[0m   [0;1mSELECT * FROM "issues" WHERE ("issues"."status" = 'active') ORDER BY created_at LIMIT 1[0m


Processing WelcomeController#index (for 127.0.0.1 at 2010-01-14 21:22:10) [GET]
Rendering template within layouts/application
Rendering welcome/index
Completed in 68ms (View: 64, DB: 0) | 200 OK [http://0.0.0.0/]


Processing WelcomeController#index (for 127.0.0.1 at 2010-01-14 21:23:25) [GET]

ActionView::MissingTemplate (Missing template welcome/index.erb in view path app/views):
  

Rendering rescues/layout (internal_server_error)


Processing WelcomeController#index (for 127.0.0.1 at 2010-01-14 21:25:31) [GET]
Rendering template within layouts/application
Rendering welcome/index

ActionView::TemplateError (Illegal element: classes and ids must have values.) on line #1 of app/views/welcome/index.html.haml:
1: %h1. Latest Issue
2: p <%=h @issue.title %>

    app/views/welcome/index.html.haml:1
    haml (2.2.14) lib/haml/precompiler.rb:671:in `render_tag'
    haml (2.2.14) lib/haml/precompiler.rb:213:in `process_line'
    haml (2.2.14) lib/haml/precompiler.rb:177:in `precompile'
    haml (2.2.14) lib/haml/engine.rb:114:in `initialize'
    haml (2.2.14) rails/./lib/haml/template/plugin.rb:21:in `new'
    haml (2.2.14) rails/./lib/haml/template/plugin.rb:21:in `compile'
    haml (2.2.14) lib/haml/helpers/action_view_mods.rb:13:in `render'
    haml (2.2.14) lib/haml/helpers/action_view_mods.rb:13:in `render'
    haml (2.2.14) rails/./lib/sass/plugin/rails.rb:19:in `process'

Rendered rescues/_trace (44.5ms)
Rendered rescues/_request_and_response (1.5ms)
Rendering rescues/layout (internal_server_error)


Processing WelcomeController#index (for 127.0.0.1 at 2010-01-14 21:25:51) [GET]
Rendering template within layouts/application
Rendering welcome/index
Completed in 10ms (View: 6, DB: 0) | 200 OK [http://0.0.0.0/]


Processing WelcomeController#index (for 127.0.0.1 at 2010-01-14 21:26:00) [GET]
Rendering template within layouts/application
Rendering welcome/index
Completed in 9ms (View: 6, DB: 0) | 200 OK [http://0.0.0.0/]


Processing WelcomeController#index (for 127.0.0.1 at 2010-01-14 21:26:01) [GET]
Rendering template within layouts/application
Rendering welcome/index
Completed in 5ms (View: 1, DB: 0) | 200 OK [http://0.0.0.0/]


Processing WelcomeController#index (for 127.0.0.1 at 2010-01-14 21:26:24) [GET]
Rendering template within layouts/application
Rendering welcome/index
  [4;36;1mSQL (0.8ms)[0m   [0;1m SELECT name
 FROM sqlite_master
 WHERE type = 'table' AND NOT name = 'sqlite_sequence'
[0m

ActionView::TemplateError (undefined method `title' for #<Class:0x235a3d4>) on line #2 of app/views/welcome/index.html.haml:
1: %h1 Latest Issue
2: %p= h @issue.title

    app/views/welcome/index.html.haml:2:in `_run_haml_app47views47welcome47index46html46haml'
    haml (2.2.14) lib/haml/helpers/action_view_mods.rb:13:in `render'
    haml (2.2.14) lib/haml/helpers/action_view_mods.rb:13:in `render'
    haml (2.2.14) rails/./lib/sass/plugin/rails.rb:19:in `process'

Rendered rescues/_trace (116.4ms)
Rendered rescues/_request_and_response (0.3ms)
Rendering rescues/layout (internal_server_error)


Processing WelcomeController#index (for 127.0.0.1 at 2010-01-14 21:27:43) [GET]
Rendering template within layouts/application
Rendering welcome/index
  [4;35;1mSQL (0.5ms)[0m   [0m SELECT name
 FROM sqlite_master
 WHERE type = 'table' AND NOT name = 'sqlite_sequence'
[0m

ActionView::TemplateError (undefined method `title' for #<Class:0x24fb8a0>) on line #2 of app/views/welcome/index.html.haml:
1: %h1 Latest Issue
2: %p= h @issue.title

    app/views/welcome/index.html.haml:2:in `_run_haml_app47views47welcome47index46html46haml'
    haml (2.2.14) lib/haml/helpers/action_view_mods.rb:13:in `render'
    haml (2.2.14) lib/haml/helpers/action_view_mods.rb:13:in `render'
    haml (2.2.14) rails/./lib/sass/plugin/rails.rb:19:in `process'

Rendered rescues/_trace (46.2ms)
Rendered rescues/_request_and_response (0.3ms)
Rendering rescues/layout (internal_server_error)


Processing WelcomeController#index (for 127.0.0.1 at 2010-01-14 21:28:22) [GET]
Rendering template within layouts/application
Rendering welcome/index
  [4;36;1mIssue Load (1.0ms)[0m   [0;1mSELECT * FROM "issues" WHERE ("issues"."status" = 'active') ORDER BY created_at LIMIT 1[0m
Completed in 89ms (View: 85, DB: 1) | 200 OK [http://0.0.0.0/]


Processing WelcomeController#index (for 127.0.0.1 at 2010-01-14 21:28:40) [GET]
  [4;35;1mIssue Load (1.0ms)[0m   [0mSELECT * FROM "issues" WHERE ("issues"."status" = 'active') ORDER BY created_at LIMIT 1[0m
Rendering template within layouts/application
Rendering welcome/index
Completed in 8ms (View: 3, DB: 1) | 200 OK [http://0.0.0.0/]


Processing WelcomeController#index (for 127.0.0.1 at 2010-01-14 21:28:56) [GET]
  [4;36;1mIssue Load (0.9ms)[0m   [0;1mSELECT * FROM "issues" WHERE ("issues"."status" = 'active') ORDER BY created_at LIMIT 1[0m
Rendering template within layouts/application
Rendering welcome/index
Completed in 13ms (View: 8, DB: 1) | 200 OK [http://0.0.0.0/]


Processing WelcomeController#index (for 127.0.0.1 at 2010-01-14 21:29:14) [GET]
  [4;35;1mIssue Load (1.0ms)[0m   [0mSELECT * FROM "issues" WHERE ("issues"."status" = 'active') ORDER BY created_at LIMIT 1[0m
Rendering template within layouts/application
Rendering welcome/index
Completed in 13ms (View: 7, DB: 1) | 200 OK [http://0.0.0.0/]


Processing WelcomeController#index (for 127.0.0.1 at 2010-01-14 21:29:44) [GET]
  [4;36;1mIssue Load (0.9ms)[0m   [0;1mSELECT * FROM "issues" WHERE ("issues"."status" = 'active') ORDER BY created_at LIMIT 1[0m
Rendering template within layouts/application
Rendering welcome/index

ActionView::TemplateError (undefined method `path_for' for #<ActionView::Base:0x24a2fac>) on line #4 of app/views/welcome/index.html.haml:
1: %h1 Latest Issue
2: %h2= h @issue.title
3: = h @issue.content
4: %a{:href => path_for(@issue)}

    app/views/welcome/index.html.haml:4:in `_run_haml_app47views47welcome47index46html46haml'
    haml (2.2.14) lib/haml/helpers/action_view_mods.rb:13:in `render'
    haml (2.2.14) lib/haml/helpers/action_view_mods.rb:13:in `render'
    haml (2.2.14) rails/./lib/sass/plugin/rails.rb:19:in `process'

Rendered rescues/_trace (38.5ms)
Rendered rescues/_request_and_response (0.3ms)
Rendering rescues/layout (internal_server_error)


Processing WelcomeController#index (for 127.0.0.1 at 2010-01-14 21:30:02) [GET]
  [4;35;1mIssue Load (1.1ms)[0m   [0mSELECT * FROM "issues" WHERE ("issues"."status" = 'active') ORDER BY created_at LIMIT 1[0m
Rendering template within layouts/application
Rendering welcome/index

ActionView::TemplateError (undefined method `edit_path_for' for #<ActionView::Base:0x22b97cc>) on line #4 of app/views/welcome/index.html.haml:
1: %h1 Latest Issue
2: %h2= h @issue.title
3: = h @issue.content
4: %a{:href => edit_path_for(@issue)}

    app/views/welcome/index.html.haml:4:in `_run_haml_app47views47welcome47index46html46haml'
    haml (2.2.14) lib/haml/helpers/action_view_mods.rb:13:in `render'
    haml (2.2.14) lib/haml/helpers/action_view_mods.rb:13:in `render'
    haml (2.2.14) rails/./lib/sass/plugin/rails.rb:19:in `process'

Rendered rescues/_trace (38.9ms)
Rendered rescues/_request_and_response (0.3ms)
Rendering rescues/layout (internal_server_error)


Processing WelcomeController#index (for 127.0.0.1 at 2010-01-14 21:30:08) [GET]
  [4;36;1mIssue Load (1.7ms)[0m   [0;1mSELECT * FROM "issues" WHERE ("issues"."status" = 'active') ORDER BY created_at LIMIT 1[0m
Rendering template within layouts/application
Rendering welcome/index

ActionView::TemplateError (undefined method `edit_path' for #<ActionView::Base:0x248c84c>) on line #4 of app/views/welcome/index.html.haml:
1: %h1 Latest Issue
2: %h2= h @issue.title
3: = h @issue.content
4: %a{:href => edit_path(@issue)}

    app/views/welcome/index.html.haml:4:in `_run_haml_app47views47welcome47index46html46haml'
    haml (2.2.14) lib/haml/helpers/action_view_mods.rb:13:in `render'
    haml (2.2.14) lib/haml/helpers/action_view_mods.rb:13:in `render'
    haml (2.2.14) rails/./lib/sass/plugin/rails.rb:19:in `process'

Rendered rescues/_trace (38.7ms)
Rendered rescues/_request_and_response (0.3ms)
Rendering rescues/layout (internal_server_error)


Processing WelcomeController#index (for 127.0.0.1 at 2010-01-14 21:31:28) [GET]
  [4;35;1mIssue Load (0.9ms)[0m   [0mSELECT * FROM "issues" WHERE ("issues"."status" = 'active') ORDER BY created_at LIMIT 1[0m
Rendering template within layouts/application
Rendering welcome/index
Completed in 13ms (View: 8, DB: 1) | 200 OK [http://0.0.0.0/]


Processing WelcomeController#index (for 127.0.0.1 at 2010-01-14 21:31:40) [GET]
  [4;36;1mIssue Load (0.9ms)[0m   [0;1mSELECT * FROM "issues" WHERE ("issues"."status" = 'active') ORDER BY created_at LIMIT 1[0m
Rendering template within layouts/application
Rendering welcome/index
Completed in 13ms (View: 8, DB: 1) | 200 OK [http://0.0.0.0/]


Processing WelcomeController#index (for 127.0.0.1 at 2010-01-14 21:31:49) [GET]
  [4;35;1mIssue Load (0.9ms)[0m   [0mSELECT * FROM "issues" WHERE ("issues"."status" = 'active') ORDER BY created_at LIMIT 1[0m
Rendering template within layouts/application
Rendering welcome/index
Completed in 13ms (View: 8, DB: 1) | 200 OK [http://0.0.0.0/]


Processing IssuesController#edit (for 127.0.0.1 at 2010-01-14 21:31:50) [GET]
  Parameters: {"id"=>"1"}
  [4;36;1mIssue Load (0.2ms)[0m   [0;1mSELECT * FROM "issues" WHERE ("issues"."id" = 1) [0m
Rendering template within layouts/application
Rendering issues/edit
Rendered issues/_form (66.6ms)
Completed in 83ms (View: 78, DB: 0) | 200 OK [http://0.0.0.0/issues/1/edit]


Processing IssuesController#update (for 127.0.0.1 at 2010-01-14 21:31:59) [PUT]
  Parameters: {"commit"=>"Submit", "authenticity_token"=>"A+PfPXMYVa3kIUOLltN8q0I583SDbbJr9EjkSPBtkDs=", "id"=>"1", "issue"=>{"title"=>"Hello, world", "content"=>"Hola! This is the first issue."}}
  [4;35;1mIssue Load (0.3ms)[0m   [0mSELECT * FROM "issues" WHERE ("issues"."id" = 1) [0m
  [4;36;1mIssue Update (0.4ms)[0m   [0;1mUPDATE "issues" SET "content" = 'Hola! This is the first issue.', "updated_at" = '2010-01-15 04:31:59' WHERE "id" = 1[0m
Redirected to http://0.0.0.0:3000/issues/1
Completed in 12ms (DB: 1) | 302 Found [http://0.0.0.0/issues/1]


Processing IssuesController#show (for 127.0.0.1 at 2010-01-14 21:31:59) [GET]
  Parameters: {"id"=>"1"}
  [4;35;1mIssue Load (1.1ms)[0m   [0mSELECT * FROM "issues" WHERE ("issues"."id" = 1) [0m
Rendering template within layouts/application
Rendering issues/show
Completed in 18ms (View: 10, DB: 1) | 200 OK [http://0.0.0.0/issues/1]


Processing IssuesController#show (for 127.0.0.1 at 2010-01-14 21:32:49) [GET]
  Parameters: {"id"=>"1"}
  [4;36;1mIssue Load (0.2ms)[0m   [0;1mSELECT * FROM "issues" WHERE ("issues"."id" = 1) [0m
Rendering template within layouts/application
Rendering issues/show
Completed in 16ms (View: 11, DB: 0) | 200 OK [http://0.0.0.0/issues/1]


Processing WelcomeController#index (for 127.0.0.1 at 2010-01-14 21:32:52) [GET]
  [4;35;1mIssue Load (0.9ms)[0m   [0mSELECT * FROM "issues" WHERE ("issues"."status" = 'active') ORDER BY created_at LIMIT 1[0m
Rendering template within layouts/application
Rendering welcome/index
Completed in 9ms (View: 3, DB: 1) | 200 OK [http://0.0.0.0/]
  [4;36;1mSQL (0.5ms)[0m   [0;1m SELECT name
 FROM sqlite_master
 WHERE type = 'table' AND NOT name = 'sqlite_sequence'
[0m
  [4;35;1mSQL (0.2ms)[0m   [0mSELECT version FROM schema_migrations[0m
Migrating to CreateIssues (20100115034528)
Migrating to CreatePanels (20100115034955)
Migrating to AddAttachmentsImageToPanel (20100115035204)
Migrating to AddStatusToIssues (20100115035909)
Migrating to AddPositionToPanels (20100115043540)
  [4;36;1mSQL (0.1ms)[0m   [0;1mselect sqlite_version(*)[0m
  [4;35;1mSQL (0.6ms)[0m   [0mALTER TABLE "panels" ADD "position" integer[0m
  [4;36;1mSQL (0.1ms)[0m   [0;1mINSERT INTO schema_migrations (version) VALUES ('20100115043540')[0m
  [4;35;1mSQL (0.3ms)[0m   [0m SELECT name
 FROM sqlite_master
 WHERE type = 'table' AND NOT name = 'sqlite_sequence'
[0m
  [4;36;1mSQL (0.2ms)[0m   [0;1mSELECT version FROM schema_migrations[0m
  [4;35;1mSQL (0.2ms)[0m   [0m SELECT name
 FROM sqlite_master
 WHERE type = 'table' AND NOT name = 'sqlite_sequence'
[0m
  [4;36;1mSQL (0.0ms)[0m   [0;1mPRAGMA index_list("issues")[0m
  [4;35;1mSQL (0.1ms)[0m   [0mPRAGMA index_list("panels")[0m


Processing WelcomeController#index (for 127.0.0.1 at 2010-01-14 21:36:45) [GET]
  [4;36;1mIssue Load (1.6ms)[0m   [0;1mSELECT * FROM "issues" WHERE ("issues"."status" = 'active') ORDER BY created_at LIMIT 1[0m
Rendering template within layouts/application
Rendering welcome/index
Completed in 116ms (View: 80, DB: 2) | 200 OK [http://0.0.0.0/]


Processing IssuesController#edit (for 127.0.0.1 at 2010-01-14 21:36:50) [GET]
  Parameters: {"id"=>"1"}
  [4;35;1mIssue Load (0.2ms)[0m   [0mSELECT * FROM "issues" WHERE ("issues"."id" = 1) [0m
Rendering template within layouts/application
Rendering issues/edit
Rendered issues/_form (15.8ms)
Completed in 34ms (View: 27, DB: 0) | 200 OK [http://0.0.0.0/issues/1/edit]


Processing IssuesController#edit (for 127.0.0.1 at 2010-01-14 21:39:28) [GET]
  Parameters: {"id"=>"1"}
  [4;36;1mIssue Load (0.2ms)[0m   [0;1mSELECT * FROM "issues" WHERE ("issues"."id" = 1) [0m
Rendering template within layouts/application
Rendering issues/edit

ActionView::TemplateError (Illegal nesting: nesting within plain text is illegal.) on line #3 of app/views/issues/_form.html.haml:
1: form_for @issue do |f|
2: 
3:   = f.error_messages
4: 
5:   %p
6:     = f.label :title

    app/views/issues/_form.html.haml:3
    haml (2.2.14) lib/haml/precompiler.rb:337:in `push_plain'
    haml (2.2.14) lib/haml/precompiler.rb:270:in `process_line'
    haml (2.2.14) lib/haml/precompiler.rb:177:in `precompile'
    haml (2.2.14) lib/haml/engine.rb:114:in `initialize'
    haml (2.2.14) rails/./lib/haml/template/plugin.rb:21:in `new'
    haml (2.2.14) rails/./lib/haml/template/plugin.rb:21:in `compile'
    haml (2.2.14) lib/haml/helpers/action_view_mods.rb:13:in `render'
    app/views/issues/edit.html.erb:3
    haml (2.2.14) lib/haml/helpers/action_view_mods.rb:13:in `render'
    haml (2.2.14) lib/haml/helpers/action_view_mods.rb:13:in `render'
    haml (2.2.14) rails/./lib/sass/plugin/rails.rb:19:in `process'

Rendered rescues/_trace (56.7ms)
Rendered rescues/_request_and_response (1.5ms)
Rendering rescues/layout (internal_server_error)


Processing IssuesController#edit (for 127.0.0.1 at 2010-01-14 21:39:41) [GET]
  Parameters: {"id"=>"1"}
  [4;35;1mIssue Load (0.2ms)[0m   [0mSELECT * FROM "issues" WHERE ("issues"."id" = 1) [0m
Rendering template within layouts/application
Rendering issues/edit
Rendered issues/_form (5.2ms)
Completed in 16ms (View: 10, DB: 0) | 200 OK [http://0.0.0.0/issues/1/edit]


Processing IssuesController#edit (for 127.0.0.1 at 2010-01-14 21:39:50) [GET]
  Parameters: {"id"=>"1"}
  [4;36;1mIssue Load (0.3ms)[0m   [0;1mSELECT * FROM "issues" WHERE ("issues"."id" = 1) [0m
Rendering template within layouts/application
Rendering issues/edit
Rendered issues/_form (5.1ms)
Completed in 17ms (View: 10, DB: 0) | 200 OK [http://0.0.0.0/issues/1/edit]


Processing IssuesController#edit (for 127.0.0.1 at 2010-01-14 21:39:57) [GET]
  Parameters: {"id"=>"1"}
  [4;35;1mIssue Load (0.2ms)[0m   [0mSELECT * FROM "issues" WHERE ("issues"."id" = 1) [0m
Rendering template within layouts/application
Rendering issues/edit
Rendered issues/_form (5.2ms)
Completed in 16ms (View: 10, DB: 0) | 200 OK [http://0.0.0.0/issues/1/edit]


Processing IssuesController#edit (for 127.0.0.1 at 2010-01-14 21:40:04) [GET]
  Parameters: {"id"=>"1"}
  [4;36;1mIssue Load (0.2ms)[0m   [0;1mSELECT * FROM "issues" WHERE ("issues"."id" = 1) [0m
Rendering template within layouts/application
Rendering issues/edit
Rendered issues/_form (5.4ms)
Completed in 18ms (View: 12, DB: 0) | 200 OK [http://0.0.0.0/issues/1/edit]


Processing IssuesController#edit (for 127.0.0.1 at 2010-01-14 21:43:16) [GET]
  Parameters: {"id"=>"1"}
  [4;35;1mIssue Load (0.2ms)[0m   [0mSELECT * FROM "issues" WHERE ("issues"."id" = 1) [0m
Rendering template within layouts/application
Rendering issues/edit
  [4;36;1mPanel Load (0.2ms)[0m   [0;1mSELECT * FROM "panels" WHERE ("panels".issue_id = 1) [0m
Rendered issues/_form (24.1ms)
Completed in 35ms (View: 29, DB: 0) | 200 OK [http://0.0.0.0/issues/1/edit]
  [4;36;1mSQL (0.9ms)[0m   [0;1m SELECT name
 FROM sqlite_master
 WHERE type = 'table' AND NOT name = 'sqlite_sequence'
[0m
  [4;35;1mSQL (0.4ms)[0m   [0mSELECT version FROM schema_migrations[0m
Migrating to CreateIssues (20100115034528)
Migrating to CreatePanels (20100115034955)
Migrating to AddAttachmentsImageToPanel (20100115035204)
Migrating to AddStatusToIssues (20100115035909)
Migrating to AddPositionToPanels (20100115043540)
Migrating to AddNotesToIssues (20100117054536)
  [4;36;1mSQL (0.1ms)[0m   [0;1mselect sqlite_version(*)[0m
  [4;35;1mSQL (0.9ms)[0m   [0mALTER TABLE "issues" ADD "notes" text[0m
  [4;36;1mSQL (0.2ms)[0m   [0;1mINSERT INTO schema_migrations (version) VALUES ('20100117054536')[0m
  [4;35;1mSQL (0.4ms)[0m   [0m SELECT name
 FROM sqlite_master
 WHERE type = 'table' AND NOT name = 'sqlite_sequence'
[0m
  [4;36;1mSQL (0.5ms)[0m   [0;1mSELECT version FROM schema_migrations[0m
  [4;35;1mSQL (0.3ms)[0m   [0m SELECT name
 FROM sqlite_master
 WHERE type = 'table' AND NOT name = 'sqlite_sequence'
[0m
  [4;36;1mSQL (0.0ms)[0m   [0;1mPRAGMA index_list("issues")[0m
  [4;35;1mSQL (0.0ms)[0m   [0mPRAGMA index_list("panels")[0m


Processing WelcomeController#index (for 127.0.0.1 at 2010-01-16 23:12:05) [GET]
  [4;36;1mIssue Load (1.7ms)[0m   [0;1mSELECT * FROM "issues" WHERE ("issues"."status" = 'active') ORDER BY created_at LIMIT 1[0m
Rendering template within layouts/application
Rendering welcome/index
Completed in 192ms (View: 129, DB: 2) | 200 OK [http://0.0.0.0/]


Processing IssuesController#edit (for 127.0.0.1 at 2010-01-16 23:12:09) [GET]
  Parameters: {"id"=>"1"}
  [4;35;1mIssue Load (0.3ms)[0m   [0mSELECT * FROM "issues" WHERE ("issues"."id" = 1) [0m
Rendering template within layouts/application
Rendering issues/edit
  [4;36;1mPanel Load (20.6ms)[0m   [0;1mSELECT * FROM "panels" WHERE ("panels".issue_id = 1) [0m
Rendered issues/_form (112.1ms)
Completed in 133ms (View: 106, DB: 21) | 200 OK [http://0.0.0.0/issues/1/edit]
  [4;36;1mSQL (0.5ms)[0m   [0;1m SELECT name
 FROM sqlite_master
 WHERE type = 'table' AND NOT name = 'sqlite_sequence'
[0m
  [4;35;1mSQL (0.2ms)[0m   [0mSELECT version FROM schema_migrations[0m
Migrating to CreateIssues (20100115034528)
Migrating to CreatePanels (20100115034955)
Migrating to AddAttachmentsImageToPanel (20100115035204)
Migrating to AddStatusToIssues (20100115035909)
Migrating to AddPositionToPanels (20100115043540)
Migrating to AddNotesToIssues (20100117054536)
Migrating to CreateComics (20100117061402)
  [4;36;1mSQL (0.1ms)[0m   [0;1mselect sqlite_version(*)[0m
  [4;35;1mSQL (0.5ms)[0m   [0mCREATE TABLE "comics" ("id" INTEGER PRIMARY KEY AUTOINCREMENT NOT NULL, "title" varchar(255), "description" text, "about" text, "created_at" datetime, "updated_at" datetime) [0m
  [4;36;1mSQL (0.1ms)[0m   [0;1mINSERT INTO schema_migrations (version) VALUES ('20100117061402')[0m
  [4;35;1mSQL (0.3ms)[0m   [0m SELECT name
 FROM sqlite_master
 WHERE type = 'table' AND NOT name = 'sqlite_sequence'
[0m
  [4;36;1mSQL (0.3ms)[0m   [0;1mSELECT version FROM schema_migrations[0m
  [4;35;1mSQL (0.2ms)[0m   [0m SELECT name
 FROM sqlite_master
 WHERE type = 'table' AND NOT name = 'sqlite_sequence'
[0m
  [4;36;1mSQL (0.0ms)[0m   [0;1mPRAGMA index_list("comics")[0m
  [4;35;1mSQL (0.0ms)[0m   [0mPRAGMA index_list("issues")[0m
  [4;36;1mSQL (0.0ms)[0m   [0;1mPRAGMA index_list("panels")[0m


Processing ComicsController#index (for 127.0.0.1 at 2010-01-16 23:15:43) [GET]
  [4;36;1mComic Load (0.5ms)[0m   [0;1mSELECT * FROM "comics" [0m
Rendering template within layouts/application
Rendering comics/index
Completed in 29ms (View: 24, DB: 0) | 200 OK [http://0.0.0.0/comics]
  [4;36;1mSQL (0.6ms)[0m   [0;1m SELECT name
 FROM sqlite_master
 WHERE type = 'table' AND NOT name = 'sqlite_sequence'
[0m
  [4;35;1mSQL (0.3ms)[0m   [0mSELECT version FROM schema_migrations[0m
Migrating to CreateIssues (20100115034528)
Migrating to CreatePanels (20100115034955)
Migrating to AddAttachmentsImageToPanel (20100115035204)
Migrating to AddStatusToIssues (20100115035909)
Migrating to AddPositionToPanels (20100115043540)
Migrating to AddNotesToIssues (20100117054536)
Migrating to CreateComics (20100117061402)
Migrating to TieIssuesToComics (20100117062010)
  [4;36;1mSQL (0.1ms)[0m   [0;1mselect sqlite_version(*)[0m
  [4;35;1mSQL (1.0ms)[0m   [0mALTER TABLE "issues" ADD "comic_id" integer[0m
  [4;36;1mSQL (0.1ms)[0m   [0;1mINSERT INTO schema_migrations (version) VALUES ('20100117062010')[0m
  [4;35;1mSQL (0.3ms)[0m   [0m SELECT name
 FROM sqlite_master
 WHERE type = 'table' AND NOT name = 'sqlite_sequence'
[0m
  [4;36;1mSQL (0.3ms)[0m   [0;1mSELECT version FROM schema_migrations[0m
  [4;35;1mSQL (0.2ms)[0m   [0m SELECT name
 FROM sqlite_master
 WHERE type = 'table' AND NOT name = 'sqlite_sequence'
[0m
  [4;36;1mSQL (0.0ms)[0m   [0;1mPRAGMA index_list("comics")[0m
  [4;35;1mSQL (0.0ms)[0m   [0mPRAGMA index_list("issues")[0m
  [4;36;1mSQL (0.0ms)[0m   [0;1mPRAGMA index_list("panels")[0m


Processing ComicsController#index (for 127.0.0.1 at 2010-01-16 23:22:31) [GET]
  [4;36;1mComic Load (0.5ms)[0m   [0;1mSELECT * FROM "comics" LIMIT 1[0m

NoMethodError (You have a nil object when you didn't expect it!
The error occurred while evaluating nil.issues):
  app/controllers/comics_controller.rb:4:in `index'
  haml (2.2.17) rails/./lib/sass/plugin/rails.rb:19:in `process'

Rendered rescues/_trace (32.3ms)
Rendered rescues/_request_and_response (1.5ms)
Rendering rescues/layout (internal_server_error)


Processing ComicsController#index (for 127.0.0.1 at 2010-01-16 23:22:35) [GET]
  [4;35;1mComic Load (0.4ms)[0m   [0mSELECT * FROM "comics" LIMIT 1[0m

NoMethodError (You have a nil object when you didn't expect it!
The error occurred while evaluating nil.issues):
  app/controllers/comics_controller.rb:4:in `index'
  haml (2.2.17) rails/./lib/sass/plugin/rails.rb:19:in `process'

Rendered rescues/_trace (32.6ms)
Rendered rescues/_request_and_response (0.3ms)
Rendering rescues/layout (internal_server_error)


Processing ComicsController#new (for 127.0.0.1 at 2010-01-16 23:22:53) [GET]
Rendering template within layouts/application
Rendering comics/new
Rendered comics/_form (85.4ms)
Completed in 115ms (View: 105, DB: 0) | 200 OK [http://0.0.0.0/comics/new]


Processing ComicsController#create (for 127.0.0.1 at 2010-01-16 23:23:16) [POST]
  Parameters: {"commit"=>"Submit", "authenticity_token"=>"A+PfPXMYVa3kIUOLltN8q0I583SDbbJr9EjkSPBtkDs=", "comic"=>{"title"=>"Do you Dream in Color?", "about"=>"Hai!", "description"=>"Blagedy blue!"}}
  [4;36;1mComic Create (0.8ms)[0m   [0;1mINSERT INTO "comics" ("updated_at", "title", "description", "about", "created_at") VALUES('2010-01-17 06:23:16', 'Do you Dream in Color?', 'Blagedy blue!', 'Hai!', '2010-01-17 06:23:16')[0m
Redirected to http://0.0.0.0:3000/comics/1
Completed in 12ms (DB: 1) | 302 Found [http://0.0.0.0/comics]


Processing ComicsController#show (for 127.0.0.1 at 2010-01-16 23:23:16) [GET]
  Parameters: {"id"=>"1"}
  [4;35;1mComic Load (0.2ms)[0m   [0mSELECT * FROM "comics" WHERE ("comics"."id" = 1) [0m
Rendering template within layouts/application
Rendering comics/show
Completed in 17ms (View: 10, DB: 0) | 200 OK [http://0.0.0.0/comics/1]


Processing ComicsController#index (for 127.0.0.1 at 2010-01-16 23:23:19) [GET]
  [4;36;1mComic Load (0.6ms)[0m   [0;1mSELECT * FROM "comics" LIMIT 1[0m

NoMethodError (You have a nil object when you didn't expect it!
The error occurred while evaluating nil.issues):
  app/controllers/comics_controller.rb:4:in `index'
  haml (2.2.17) rails/./lib/sass/plugin/rails.rb:19:in `process'

Rendered rescues/_trace (30.9ms)
Rendered rescues/_request_and_response (0.3ms)
Rendering rescues/layout (internal_server_error)


Processing ComicsController#index (for 127.0.0.1 at 2010-01-16 23:23:48) [GET]
  [4;35;1mComic Load (0.8ms)[0m   [0mSELECT * FROM "comics" LIMIT 1[0m

NoMethodError (You have a nil object when you didn't expect it!
The error occurred while evaluating nil.issues):
  app/controllers/comics_controller.rb:4:in `index'
  haml (2.2.17) rails/./lib/sass/plugin/rails.rb:19:in `process'

Rendered rescues/_trace (102.1ms)
Rendered rescues/_request_and_response (0.3ms)
Rendering rescues/layout (internal_server_error)


Processing ComicsController#index (for 127.0.0.1 at 2010-01-16 23:23:59) [GET]
  [4;36;1mComic Load (0.6ms)[0m   [0;1mSELECT * FROM "comics" LIMIT 1[0m
Rendering template within layouts/application
Rendering comics/index

ActionView::TemplateError (You have a nil object when you didn't expect it!
You might have expected an instance of Array.
The error occurred while evaluating nil.each) on line #9 of app/views/comics/index.html.erb:
6:     <th>Description</th>
7:     <th>About</th>
8:   </tr>
9:   <% for comic in @comics %>
10:     <tr>
11:       <td><%=h comic.title %></td>
12:       <td><%=h comic.description %></td>

    app/views/comics/index.html.erb:9
    haml (2.2.17) lib/haml/helpers/action_view_mods.rb:13:in `render'
    haml (2.2.17) lib/haml/helpers/action_view_mods.rb:13:in `render'
    haml (2.2.17) rails/./lib/sass/plugin/rails.rb:19:in `process'

Rendered rescues/_trace (41.1ms)
Rendered rescues/_request_and_response (0.3ms)
Rendering rescues/layout (internal_server_error)


Processing ComicsController#index (for 127.0.0.1 at 2010-01-16 23:26:14) [GET]
  [4;35;1mComic Load (0.5ms)[0m   [0mSELECT * FROM "comics" LIMIT 1[0m

NoMethodError (You have a nil object when you didn't expect it!
The error occurred while evaluating nil.issues):
  app/controllers/comics_controller.rb:4:in `index'
  haml (2.2.17) rails/./lib/sass/plugin/rails.rb:19:in `process'

Rendered rescues/_trace (31.0ms)
Rendered rescues/_request_and_response (0.3ms)
Rendering rescues/layout (internal_server_error)


Processing ComicsController#index (for 127.0.0.1 at 2010-01-16 23:26:25) [GET]
  [4;36;1mComic Load (0.6ms)[0m   [0;1mSELECT * FROM "comics" LIMIT 1[0m
  [4;35;1mSQL (0.3ms)[0m   [0m SELECT name
 FROM sqlite_master
 WHERE type = 'table' AND NOT name = 'sqlite_sequence'
[0m

NoMethodError (undefined method `most_recent' for #<Class:0x22d6048>):
  app/controllers/comics_controller.rb:4:in `index'
  haml (2.2.17) rails/./lib/sass/plugin/rails.rb:19:in `process'

Rendered rescues/_trace (35.7ms)
Rendered rescues/_request_and_response (0.3ms)
Rendering rescues/layout (internal_server_error)


Processing ComicsController#index (for 127.0.0.1 at 2010-01-16 23:26:49) [GET]
  [4;36;1mComic Load (0.6ms)[0m   [0;1mSELECT * FROM "comics" LIMIT 1[0m
Rendering template within layouts/application
Rendering comics/index
  [4;35;1mIssue Load (0.7ms)[0m   [0mSELECT * FROM "issues" WHERE ("issues".comic_id = 1) AND ("issues".comic_id = 1) ORDER BY created_at LIMIT 1[0m

ActionView::TemplateError (undefined method `title' for []:Array) on line #3 of app/views/comics/index.html.erb:
1: <% title "Comics" %>
2: 
3: <h1><%= @issue.title %></h1>

    app/views/comics/index.html.erb:3
    haml (2.2.17) lib/haml/helpers/action_view_mods.rb:13:in `render'
    haml (2.2.17) lib/haml/helpers/action_view_mods.rb:13:in `render'
    haml (2.2.17) rails/./lib/sass/plugin/rails.rb:19:in `process'

Rendered rescues/_trace (47.3ms)
Rendered rescues/_request_and_response (0.3ms)
Rendering rescues/layout (internal_server_error)


Processing ComicsController#index (for 127.0.0.1 at 2010-01-16 23:27:20) [GET]
  [4;36;1mComic Load (0.6ms)[0m   [0;1mSELECT * FROM "comics" LIMIT 1[0m
  [4;35;1mIssue Load (12.1ms)[0m   [0mSELECT * FROM "issues" WHERE ("issues".comic_id = 1) AND ("issues".comic_id = 1) ORDER BY created_at LIMIT 1[0m
Rendering template within layouts/application
Rendering comics/index

ActionView::TemplateError (You have a nil object when you didn't expect it!
The error occurred while evaluating nil.title) on line #3 of app/views/comics/index.html.erb:
1: <% title "Comics" %>
2: 
3: <h1><%= @issue.title %></h1>

    app/views/comics/index.html.erb:3
    haml (2.2.17) lib/haml/helpers/action_view_mods.rb:13:in `render'
    haml (2.2.17) lib/haml/helpers/action_view_mods.rb:13:in `render'
    haml (2.2.17) rails/./lib/sass/plugin/rails.rb:19:in `process'

Rendered rescues/_trace (38.6ms)
Rendered rescues/_request_and_response (0.3ms)
Rendering rescues/layout (internal_server_error)


Processing IssuesController#index (for 127.0.0.1 at 2010-01-16 23:27:33) [GET]
  [4;36;1mIssue Load (0.6ms)[0m   [0;1mSELECT * FROM "issues" [0m
Rendering template within layouts/application
Rendering issues/index
Completed in 50ms (View: 44, DB: 1) | 200 OK [http://0.0.0.0/issues]


Processing IssuesController#edit (for 127.0.0.1 at 2010-01-16 23:27:36) [GET]
  Parameters: {"id"=>"1"}
  [4;35;1mIssue Load (0.2ms)[0m   [0mSELECT * FROM "issues" WHERE ("issues"."id" = 1) [0m
Rendering template within layouts/application
Rendering issues/edit
  [4;36;1mPanel Load (0.2ms)[0m   [0;1mSELECT * FROM "panels" WHERE ("panels".issue_id = 1) [0m
Rendered issues/_form (10.5ms)
Completed in 26ms (View: 19, DB: 0) | 200 OK [http://0.0.0.0/issues/1/edit]
  [4;36;1mIssue Load (0.6ms)[0m   [0;1mSELECT * FROM "issues" LIMIT 1[0m
  [4;35;1mIssue Load (0.4ms)[0m   [0mSELECT * FROM "issues" LIMIT 1[0m
  [4;36;1mIssue Update (1.1ms)[0m   [0;1mUPDATE "issues" SET "comic_id" = 1, "updated_at" = '2010-01-17 06:28:30' WHERE "id" = 1[0m


Processing ComicsController#index (for 127.0.0.1 at 2010-01-16 23:29:05) [GET]
  [4;36;1mComic Load (0.7ms)[0m   [0;1mSELECT * FROM "comics" LIMIT 1[0m
  [4;35;1mIssue Load (0.9ms)[0m   [0mSELECT * FROM "issues" WHERE ("issues".comic_id = 1) AND ("issues".comic_id = 1) ORDER BY created_at LIMIT 1[0m
Rendering template within layouts/application
Rendering comics/index
Completed in 47ms (View: 16, DB: 2) | 200 OK [http://0.0.0.0/comics]


Processing ComicsController#index (for 127.0.0.1 at 2010-01-16 23:29:33) [GET]
  [4;36;1mComic Load (0.6ms)[0m   [0;1mSELECT * FROM "comics" LIMIT 1[0m
  [4;35;1mIssue Load (0.7ms)[0m   [0mSELECT * FROM "issues" WHERE ("issues".comic_id = 1) AND ("issues".comic_id = 1) ORDER BY created_at LIMIT 1[0m
Rendering template within layouts/application
Rendering comics/index
Completed in 20ms (View: 8, DB: 1) | 200 OK [http://0.0.0.0/comics]
